<?xml version="1.0" encoding="UTF-8"?>
<!-- Generated by org.testng.reporters.JUnitReportReporter -->
<testsuite skipped="0" hostname="HBADT4950189" name="com.qa.testscripts.OrangeHRMALLTextBoxAllHyperLinkAllImagesTC2andTC3andTC4andTC5andTC7" tests="4" failures="0" timestamp="12 Mar 2021 11:08:37 GMT" time="20.271" errors="0">
  <testcase name="checkTitle" time="0.020" classname="com.qa.testscripts.OrangeHRMALLTextBoxAllHyperLinkAllImagesTC2andTC3andTC4andTC5andTC7"/>
  <testcase name="getALLTextBoxAllHyperLinkAllImages" time="0.048" classname="com.qa.testscripts.OrangeHRMALLTextBoxAllHyperLinkAllImagesTC2andTC3andTC4andTC5andTC7"/>
  <testcase name="Login" time="9.506" classname="com.qa.testscripts.OrangeHRMALLTextBoxAllHyperLinkAllImagesTC2andTC3andTC4andTC5andTC7"/>
  <testcase name="ValidatingSubMenuOnAdminMenu" time="10.697" classname="com.qa.testscripts.OrangeHRMALLTextBoxAllHyperLinkAllImagesTC2andTC3andTC4andTC5andTC7"/>
</testsuite> <!-- com.qa.testscripts.OrangeHRMALLTextBoxAllHyperLinkAllImagesTC2andTC3andTC4andTC5andTC7 -->
