<?xml version="1.0" encoding="UTF-8"?>
<!-- Generated by org.testng.reporters.JUnitReportReporter -->
<testsuite skipped="0" hostname="HBADT4950189" name="com.qa.testscripts.getElementByXpath" tests="1" failures="0" timestamp="11 Mar 2021 12:51:16 GMT" time="11.833" errors="0">
  <testcase name="getElementsByXpath" time="11.833" classname="com.qa.testscripts.getElementByXpath"/>
</testsuite> <!-- com.qa.testscripts.getElementByXpath -->
