<?xml version="1.0" encoding="UTF-8"?>
<!-- Generated by org.testng.reporters.JUnitReportReporter -->
<testsuite skipped="0" hostname="HBADT4950189" name="com.qa.testscripts.getPageTitleForDifferentMenusTC8" tests="6" failures="0" timestamp="12 Mar 2021 11:08:37 GMT" time="15.226" errors="0">
  <testcase name="AdminMenu" time="1.844" classname="com.qa.testscripts.getPageTitleForDifferentMenusTC8"/>
  <testcase name="PIMMenu" time="1.830" classname="com.qa.testscripts.getPageTitleForDifferentMenusTC8"/>
  <testcase name="LeaveMenu" time="3.168" classname="com.qa.testscripts.getPageTitleForDifferentMenusTC8"/>
  <testcase name="DashboardMenu" time="1.209" classname="com.qa.testscripts.getPageTitleForDifferentMenusTC8"/>
  <testcase name="DirectoryMenu" time="6.100" classname="com.qa.testscripts.getPageTitleForDifferentMenusTC8"/>
  <testcase name="MaintenanceMenu" time="1.075" classname="com.qa.testscripts.getPageTitleForDifferentMenusTC8"/>
</testsuite> <!-- com.qa.testscripts.getPageTitleForDifferentMenusTC8 -->
