<?xml version="1.0" encoding="UTF-8"?>
<!-- Generated by org.testng.reporters.JUnitReportReporter -->
<testsuite skipped="0" hostname="HBADT4950189" name="com.qa.testscripts.getElementByCSSSelectorTC14" tests="1" failures="0" timestamp="12 Mar 2021 11:08:37 GMT" time="13.715" errors="0">
  <testcase name="getElementsByCSSSelector" time="13.715" classname="com.qa.testscripts.getElementByCSSSelectorTC14"/>
</testsuite> <!-- com.qa.testscripts.getElementByCSSSelectorTC14 -->
