<?xml version="1.0" encoding="UTF-8"?>
<!-- Generated by org.testng.reporters.JUnitReportReporter -->
<testsuite skipped="0" hostname="HBADT4950189" name="com.qa.testscripts.getElementByCSSSelector" tests="1" failures="0" timestamp="11 Mar 2021 12:51:16 GMT" time="14.787" errors="0">
  <testcase name="getElementsByCSSSelector" time="14.787" classname="com.qa.testscripts.getElementByCSSSelector"/>
</testsuite> <!-- com.qa.testscripts.getElementByCSSSelector -->
