<?xml version="1.0" encoding="UTF-8"?>
<!-- Generated by org.testng.reporters.JUnitReportReporter -->
<testsuite skipped="0" hostname="HBADT4950189" name="com.qa.testscripts.getPageTitleForDifferentMenus" tests="6" failures="0" timestamp="11 Mar 2021 12:51:16 GMT" time="13.672" errors="0">
  <testcase name="AdminMenu" time="1.963" classname="com.qa.testscripts.getPageTitleForDifferentMenus"/>
  <testcase name="PIMMenu" time="1.726" classname="com.qa.testscripts.getPageTitleForDifferentMenus"/>
  <testcase name="LeaveMenu" time="3.277" classname="com.qa.testscripts.getPageTitleForDifferentMenus"/>
  <testcase name="DashboardMenu" time="1.248" classname="com.qa.testscripts.getPageTitleForDifferentMenus"/>
  <testcase name="DirectoryMenu" time="4.402" classname="com.qa.testscripts.getPageTitleForDifferentMenus"/>
  <testcase name="MaintenanceMenu" time="1.056" classname="com.qa.testscripts.getPageTitleForDifferentMenus"/>
</testsuite> <!-- com.qa.testscripts.getPageTitleForDifferentMenus -->
